<?xml version="1.0" encoding="UTF-8"?>
<!-- Generated by org.testng.reporters.JUnitReportReporter -->
<testsuite name="com.Gmail.GmailAutomation.gmail.loginTests.TC_01_InvalidEmail" tests="1" time="10.358" ignored="0" failures="0" timestamp="31 May 2018 03:32:08 GMT" skipped="0" hostname="NMM-W01" errors="0">
  <testcase name="testInvalidEmail" time="10.358" classname="com.Gmail.GmailAutomation.gmail.loginTests.TC_01_InvalidEmail"/>
</testsuite> <!-- com.Gmail.GmailAutomation.gmail.loginTests.TC_01_InvalidEmail -->
